[debug] [2020-09-11T12:44:54.369Z] ----------------------------------------------------------------------
[debug] [2020-09-11T12:44:54.373Z] Command:       C:\Program Files\nodejs\node.exe C:\Users\Mystic wolf\AppData\Roaming\npm\node_modules\firebase-tools\lib\bin\firebase.js emulators:start
[debug] [2020-09-11T12:44:54.373Z] CLI Version:   8.10.0
[debug] [2020-09-11T12:44:54.373Z] Platform:      win32
[debug] [2020-09-11T12:44:54.373Z] Node Version:  v12.16.2
[debug] [2020-09-11T12:44:54.374Z] Time:          Fri Sep 11 2020 18:14:54 GMT+0530 (India Standard Time)
[debug] [2020-09-11T12:44:54.374Z] ----------------------------------------------------------------------
[debug] [2020-09-11T12:44:54.376Z] 
[debug] [2020-09-11T12:44:54.388Z] > command requires scopes: ["email","openid","https://www.googleapis.com/auth/cloudplatformprojects.readonly","https://www.googleapis.com/auth/firebase","https://www.googleapis.com/auth/cloud-platform"]
[debug] [2020-09-11T12:44:54.389Z] > authorizing via signed-in user
[info] i  emulators: Starting emulators: functions, hosting {"metadata":{"emulator":{"name":"hub"},"message":"Starting emulators: functions, hosting"}}
[debug] [2020-09-11T12:44:56.446Z] [hub] writing locator at C:\Users\MYSTIC~1\AppData\Local\Temp\hub-femshopi.json
[warn] !  functions: The following emulators are not running, calls to these services from the Functions emulator will affect production: firestore, database, pubsub {"metadata":{"emulator":{"name":"functions"},"message":"The following emulators are not running, calls to these services from the Functions emulator will affect production: \u001b[1mfirestore, database, pubsub\u001b[22m"}}
[warn] !  Your requested "node" version "10" doesn't match your global version "12" {"metadata":{"emulator":{"name":"functions"},"message":"Your requested \"node\" version \"10\" doesn't match your global version \"12\""}}
[debug] [2020-09-11T12:44:58.532Z] defaultcredentials: writing to file C:\Users\Mystic wolf\AppData\Roaming\firebase\ajmalfaizdev_gmail_com_application_default_credentials.json
[debug] [2020-09-11T12:44:58.537Z] Setting GAC to C:\Users\Mystic wolf\AppData\Roaming\firebase\ajmalfaizdev_gmail_com_application_default_credentials.json {"metadata":{"emulator":{"name":"functions"},"message":"Setting GAC to C:\\Users\\Mystic wolf\\AppData\\Roaming\\firebase\\ajmalfaizdev_gmail_com_application_default_credentials.json"}}
[debug] [2020-09-11T12:45:00.587Z] >>> HTTP REQUEST GET https://firebase.googleapis.com/v1beta1/projects/femshopi/webApps/-/config  
 
[debug] [2020-09-11T12:45:02.089Z] <<< HTTP RESPONSE 200 {"content-type":"application/json; charset=UTF-8","vary":"X-Origin, Referer, Origin,Accept-Encoding","date":"Fri, 11 Sep 2020 12:45:01 GMT","server":"ESF","cache-control":"private","x-xss-protection":"0","x-frame-options":"SAMEORIGIN","x-content-type-options":"nosniff","alt-svc":"h3-29=\":443\"; ma=2592000,h3-27=\":443\"; ma=2592000,h3-T051=\":443\"; ma=2592000,h3-T050=\":443\"; ma=2592000,h3-Q050=\":443\"; ma=2592000,h3-Q046=\":443\"; ma=2592000,h3-Q043=\":443\"; ma=2592000,quic=\":443\"; ma=2592000; v=\"46,43\"","accept-ranges":"none","transfer-encoding":"chunked"}
[info] i  hosting: Serving hosting files from: build {"metadata":{"emulator":{"name":"hosting"},"message":"Serving hosting files from: \u001b[1mbuild\u001b[22m"}}
[info] +  hosting: Local server: http://localhost:5000 {"metadata":{"emulator":{"name":"hosting"},"message":"Local server: \u001b[4m\u001b[1mhttp://localhost:5000\u001b[22m\u001b[24m"}}
[debug] [2020-09-11T12:45:06.298Z] Ignoring unsupported arg: auto_download {"metadata":{"emulator":{"name":"ui"},"message":"Ignoring unsupported arg: auto_download"}}
[debug] [2020-09-11T12:45:06.298Z] Ignoring unsupported arg: port {"metadata":{"emulator":{"name":"ui"},"message":"Ignoring unsupported arg: port"}}
[debug] [2020-09-11T12:45:06.299Z] Starting Emulator UI with command {"binary":"node","args":["C:\\Users\\Mystic wolf\\.cache\\firebase\\emulators\\ui-v1.1.1\\server.bundle.js"],"optionalArgs":[],"joinArgs":false} {"metadata":{"emulator":{"name":"ui"},"message":"Starting Emulator UI with command {\"binary\":\"node\",\"args\":[\"C:\\\\Users\\\\Mystic wolf\\\\.cache\\\\firebase\\\\emulators\\\\ui-v1.1.1\\\\server.bundle.js\"],\"optionalArgs\":[],\"joinArgs\":false}"}}
[info] i  ui: Emulator UI logging to ui-debug.log {"metadata":{"emulator":{"name":"ui"},"message":"Emulator UI logging to \u001b[1mui-debug.log\u001b[22m"}}
[debug] [2020-09-11T12:45:06.468Z] Web / API server started at http://localhost:4000
 {"metadata":{"emulator":{"name":"ui"},"message":"Web / API server started at http://localhost:4000\n"}}
[info] i  functions: Watching "C:\Users\Mystic wolf\Desktop\Femshopi-Onlinestore\femshopi\functions" for Cloud Functions... {"metadata":{"emulator":{"name":"functions"},"message":"Watching \"C:\\Users\\Mystic wolf\\Desktop\\Femshopi-Onlinestore\\femshopi\\functions\" for Cloud Functions..."}}
[debug] [2020-09-11T12:45:06.849Z] [worker-pool] addWorker(~diagnostic~) {"metadata":{"emulator":{"name":"functions"},"message":"[worker-pool] addWorker(~diagnostic~)"}}
[debug] [2020-09-11T12:45:06.850Z] [worker-pool] Adding worker with key ~diagnostic~, total=1 {"metadata":{"emulator":{"name":"functions"},"message":"[worker-pool] Adding worker with key ~diagnostic~, total=1"}}
[debug] [2020-09-11T12:45:06.850Z] [worker-pool] submitWork(triggerId=) {"metadata":{"emulator":{"name":"functions"},"message":"[worker-pool] submitWork(triggerId=)"}}
[debug] [2020-09-11T12:45:06.850Z] [worker-~diagnostic~-343244cb-f65c-4934-9067-f1e60e07b42b]: Assigning socketPath: \\?\pipe\C:\Users\Mystic wolf\Desktop\Femshopi-Onlinestore\femshopi\functions\18720 {"metadata":{"emulator":{"name":"functions"},"message":"[worker-~diagnostic~-343244cb-f65c-4934-9067-f1e60e07b42b]: Assigning socketPath: \\\\?\\pipe\\C:\\Users\\Mystic wolf\\Desktop\\Femshopi-Onlinestore\\femshopi\\functions\\18720"}}
[debug] [2020-09-11T12:45:06.851Z] [worker-~diagnostic~-343244cb-f65c-4934-9067-f1e60e07b42b]: BUSY {"metadata":{"emulator":{"name":"functions"},"message":"[worker-~diagnostic~-343244cb-f65c-4934-9067-f1e60e07b42b]: BUSY"}}
[debug] [2020-09-11T12:45:07.374Z] [runtime-status] [18720] Functions runtime initialized. {"cwd":"C:\\Users\\Mystic wolf\\Desktop\\Femshopi-Onlinestore\\femshopi\\functions","node_version":"12.16.2"} {"metadata":{"emulator":{"name":"functions"},"message":"[runtime-status] [18720] Functions runtime initialized. {\"cwd\":\"C:\\\\Users\\\\Mystic wolf\\\\Desktop\\\\Femshopi-Onlinestore\\\\femshopi\\\\functions\",\"node_version\":\"12.16.2\"}"}}
[debug] [2020-09-11T12:45:07.375Z] [runtime-status] [18720] Disabled runtime features: undefined {"metadata":{"emulator":{"name":"functions"},"message":"[runtime-status] [18720] Disabled runtime features: undefined"}}
[debug] [2020-09-11T12:45:07.384Z] [runtime-status] [18720] Resolved module firebase-admin {"declared":true,"installed":true,"version":"8.13.0","resolution":"C:\\Users\\Mystic wolf\\Desktop\\Femshopi-Onlinestore\\femshopi\\functions\\node_modules\\firebase-admin\\lib\\index.js"} {"metadata":{"emulator":{"name":"functions"},"message":"[runtime-status] [18720] Resolved module firebase-admin {\"declared\":true,\"installed\":true,\"version\":\"8.13.0\",\"resolution\":\"C:\\\\Users\\\\Mystic wolf\\\\Desktop\\\\Femshopi-Onlinestore\\\\femshopi\\\\functions\\\\node_modules\\\\firebase-admin\\\\lib\\\\index.js\"}"}}
[debug] [2020-09-11T12:45:07.387Z] [runtime-status] [18720] Resolved module firebase-functions {"declared":true,"installed":true,"version":"3.11.0","resolution":"C:\\Users\\Mystic wolf\\Desktop\\Femshopi-Onlinestore\\femshopi\\functions\\node_modules\\firebase-functions\\lib\\index.js"} {"metadata":{"emulator":{"name":"functions"},"message":"[runtime-status] [18720] Resolved module firebase-functions {\"declared\":true,\"installed\":true,\"version\":\"3.11.0\",\"resolution\":\"C:\\\\Users\\\\Mystic wolf\\\\Desktop\\\\Femshopi-Onlinestore\\\\femshopi\\\\functions\\\\node_modules\\\\firebase-functions\\\\lib\\\\index.js\"}"}}
[debug] [2020-09-11T12:45:07.389Z] [runtime-status] [18720] Resolved module firebase-functions {"declared":true,"installed":true,"version":"3.11.0","resolution":"C:\\Users\\Mystic wolf\\Desktop\\Femshopi-Onlinestore\\femshopi\\functions\\node_modules\\firebase-functions\\lib\\index.js"} {"metadata":{"emulator":{"name":"functions"},"message":"[runtime-status] [18720] Resolved module firebase-functions {\"declared\":true,\"installed\":true,\"version\":\"3.11.0\",\"resolution\":\"C:\\\\Users\\\\Mystic wolf\\\\Desktop\\\\Femshopi-Onlinestore\\\\femshopi\\\\functions\\\\node_modules\\\\firebase-functions\\\\lib\\\\index.js\"}"}}
[debug] [2020-09-11T12:45:07.392Z] [runtime-status] [18720] Outgoing network have been stubbed. [{"name":"http","status":"mocked"},{"name":"http","status":"mocked"},{"name":"https","status":"mocked"},{"name":"https","status":"mocked"},{"name":"net","status":"mocked"}] {"metadata":{"emulator":{"name":"functions"},"message":"[runtime-status] [18720] Outgoing network have been stubbed. [{\"name\":\"http\",\"status\":\"mocked\"},{\"name\":\"http\",\"status\":\"mocked\"},{\"name\":\"https\",\"status\":\"mocked\"},{\"name\":\"https\",\"status\":\"mocked\"},{\"name\":\"net\",\"status\":\"mocked\"}]"}}
[debug] [2020-09-11T12:45:07.393Z] [runtime-status] [18720] Resolved module firebase-functions {"declared":true,"installed":true,"version":"3.11.0","resolution":"C:\\Users\\Mystic wolf\\Desktop\\Femshopi-Onlinestore\\femshopi\\functions\\node_modules\\firebase-functions\\lib\\index.js"} {"metadata":{"emulator":{"name":"functions"},"message":"[runtime-status] [18720] Resolved module firebase-functions {\"declared\":true,\"installed\":true,\"version\":\"3.11.0\",\"resolution\":\"C:\\\\Users\\\\Mystic wolf\\\\Desktop\\\\Femshopi-Onlinestore\\\\femshopi\\\\functions\\\\node_modules\\\\firebase-functions\\\\lib\\\\index.js\"}"}}
[debug] [2020-09-11T12:45:07.458Z] [runtime-status] [18720] Checked functions.config() {"config":{}} {"metadata":{"emulator":{"name":"functions"},"message":"[runtime-status] [18720] Checked functions.config() {\"config\":{}}"}}
[debug] [2020-09-11T12:45:07.458Z] [runtime-status] [18720] firebase-functions has been stubbed. {"functionsResolution":{"declared":true,"installed":true,"version":"3.11.0","resolution":"C:\\Users\\Mystic wolf\\Desktop\\Femshopi-Onlinestore\\femshopi\\functions\\node_modules\\firebase-functions\\lib\\index.js"}} {"metadata":{"emulator":{"name":"functions"},"message":"[runtime-status] [18720] firebase-functions has been stubbed. {\"functionsResolution\":{\"declared\":true,\"installed\":true,\"version\":\"3.11.0\",\"resolution\":\"C:\\\\Users\\\\Mystic wolf\\\\Desktop\\\\Femshopi-Onlinestore\\\\femshopi\\\\functions\\\\node_modules\\\\firebase-functions\\\\lib\\\\index.js\"}}"}}
[debug] [2020-09-11T12:45:07.459Z] [runtime-status] [18720] Resolved module firebase-functions {"declared":true,"installed":true,"version":"3.11.0","resolution":"C:\\Users\\Mystic wolf\\Desktop\\Femshopi-Onlinestore\\femshopi\\functions\\node_modules\\firebase-functions\\lib\\index.js"} {"metadata":{"emulator":{"name":"functions"},"message":"[runtime-status] [18720] Resolved module firebase-functions {\"declared\":true,\"installed\":true,\"version\":\"3.11.0\",\"resolution\":\"C:\\\\Users\\\\Mystic wolf\\\\Desktop\\\\Femshopi-Onlinestore\\\\femshopi\\\\functions\\\\node_modules\\\\firebase-functions\\\\lib\\\\index.js\"}"}}
[debug] [2020-09-11T12:45:07.460Z] [runtime-status] [18720] Resolved module firebase-admin {"declared":true,"installed":true,"version":"8.13.0","resolution":"C:\\Users\\Mystic wolf\\Desktop\\Femshopi-Onlinestore\\femshopi\\functions\\node_modules\\firebase-admin\\lib\\index.js"} {"metadata":{"emulator":{"name":"functions"},"message":"[runtime-status] [18720] Resolved module firebase-admin {\"declared\":true,\"installed\":true,\"version\":\"8.13.0\",\"resolution\":\"C:\\\\Users\\\\Mystic wolf\\\\Desktop\\\\Femshopi-Onlinestore\\\\femshopi\\\\functions\\\\node_modules\\\\firebase-admin\\\\lib\\\\index.js\"}"}}
[debug] [2020-09-11T12:45:07.461Z] [runtime-status] [18720] Resolved module firebase-functions {"declared":true,"installed":true,"version":"3.11.0","resolution":"C:\\Users\\Mystic wolf\\Desktop\\Femshopi-Onlinestore\\femshopi\\functions\\node_modules\\firebase-functions\\lib\\index.js"} {"metadata":{"emulator":{"name":"functions"},"message":"[runtime-status] [18720] Resolved module firebase-functions {\"declared\":true,\"installed\":true,\"version\":\"3.11.0\",\"resolution\":\"C:\\\\Users\\\\Mystic wolf\\\\Desktop\\\\Femshopi-Onlinestore\\\\femshopi\\\\functions\\\\node_modules\\\\firebase-functions\\\\lib\\\\index.js\"}"}}
[debug] [2020-09-11T12:45:07.461Z] [runtime-status] [18720] firebase-admin has been stubbed. {"adminResolution":{"declared":true,"installed":true,"version":"8.13.0","resolution":"C:\\Users\\Mystic wolf\\Desktop\\Femshopi-Onlinestore\\femshopi\\functions\\node_modules\\firebase-admin\\lib\\index.js"}} {"metadata":{"emulator":{"name":"functions"},"message":"[runtime-status] [18720] firebase-admin has been stubbed. {\"adminResolution\":{\"declared\":true,\"installed\":true,\"version\":\"8.13.0\",\"resolution\":\"C:\\\\Users\\\\Mystic wolf\\\\Desktop\\\\Femshopi-Onlinestore\\\\femshopi\\\\functions\\\\node_modules\\\\firebase-admin\\\\lib\\\\index.js\"}}"}}
[info] +  functions[api]: http function initialized (http://localhost:5001/femshopi/us-central1/api). {"metadata":{"emulator":{"name":"functions"},"message":"\u001b[1mhttp\u001b[22m function initialized (http://localhost:5001/femshopi/us-central1/api)."}}
[info] 
┌───────────────────────────────────────────────────────────────────────┐
│ ✔  All emulators ready! View status and logs at http://localhost:4000 │
└───────────────────────────────────────────────────────────────────────┘

┌───────────┬────────────────┬─────────────────────────────────┐
│ Emulator  │ Host:Port      │ View in Emulator UI             │
├───────────┼────────────────┼─────────────────────────────────┤
│ Functions │ localhost:5001 │ http://localhost:4000/functions │
├───────────┼────────────────┼─────────────────────────────────┤
│ Hosting   │ localhost:5000 │ n/a                             │
└───────────┴────────────────┴─────────────────────────────────┘
  Other reserved ports: 4400, 4500

Issues? Report them at https://github.com/firebase/firebase-tools/issues and attach the *-debug.log files.
 
[debug] [2020-09-11T12:45:07.712Z] [worker-~diagnostic~-343244cb-f65c-4934-9067-f1e60e07b42b]: IDLE {"metadata":{"emulator":{"name":"functions"},"message":"[worker-~diagnostic~-343244cb-f65c-4934-9067-f1e60e07b42b]: IDLE"}}
