[debug] [2020-09-10T14:35:10.092Z] ----------------------------------------------------------------------
[debug] [2020-09-10T14:35:10.096Z] Command:       C:\Program Files\nodejs\node.exe C:\Users\Mystic wolf\AppData\Roaming\npm\node_modules\firebase-tools\lib\bin\firebase.js deploy
[debug] [2020-09-10T14:35:10.096Z] CLI Version:   8.6.0
[debug] [2020-09-10T14:35:10.098Z] Platform:      win32
[debug] [2020-09-10T14:35:10.098Z] Node Version:  v12.16.2
[debug] [2020-09-10T14:35:10.100Z] Time:          Thu Sep 10 2020 20:05:10 GMT+0530 (India Standard Time)
[debug] [2020-09-10T14:35:10.101Z] ----------------------------------------------------------------------
[debug] [2020-09-10T14:35:10.102Z] 
[debug] [2020-09-10T14:35:10.120Z] > command requires scopes: ["email","openid","https://www.googleapis.com/auth/cloudplatformprojects.readonly","https://www.googleapis.com/auth/firebase","https://www.googleapis.com/auth/cloud-platform"]
[debug] [2020-09-10T14:35:10.121Z] > authorizing via signed-in user
[debug] [2020-09-10T14:35:10.123Z] [iam] checking project femshopi for permissions ["firebase.projects.get","firebasehosting.sites.update"]
[debug] [2020-09-10T14:35:10.129Z] >>> HTTP REQUEST POST https://cloudresourcemanager.googleapis.com/v1/projects/femshopi:testIamPermissions  
 {"permissions":["firebase.projects.get","firebasehosting.sites.update"]}
[debug] [2020-09-10T14:35:31.449Z] [iam] error while checking permissions, command may fail: FirebaseError: Server Error. connect ETIMEDOUT 216.58.200.138:443
[debug] [2020-09-10T14:35:31.451Z] >>> HTTP REQUEST GET https://firebase.googleapis.com/v1beta1/projects/femshopi  
 
[debug] [2020-09-10T14:35:32.274Z] <<< HTTP RESPONSE 200 {"content-type":"application/json; charset=UTF-8","vary":"X-Origin, Referer, Origin,Accept-Encoding","date":"Thu, 10 Sep 2020 14:35:33 GMT","server":"ESF","cache-control":"private","x-xss-protection":"0","x-frame-options":"SAMEORIGIN","x-content-type-options":"nosniff","alt-svc":"h3-29=\":443\"; ma=2592000,h3-27=\":443\"; ma=2592000,h3-T051=\":443\"; ma=2592000,h3-T050=\":443\"; ma=2592000,h3-Q050=\":443\"; ma=2592000,h3-Q046=\":443\"; ma=2592000,h3-Q043=\":443\"; ma=2592000,quic=\":443\"; ma=2592000; v=\"46,43\"","accept-ranges":"none","transfer-encoding":"chunked"}
[info] 
[info] === Deploying to 'femshopi'...
[info] 
[info] i  deploying hosting 
[debug] [2020-09-10T14:35:32.300Z] >>> HTTP REQUEST POST https://firebasehosting.googleapis.com/v1beta1/sites/femshopi/versions  
 {"config":{"rewrites":[{"glob":"**","path":"/index.html"}]},"labels":{"deployment-tool":"cli-firebase"}}
[debug] [2020-09-10T14:35:53.905Z] Error: connect ETIMEDOUT 216.58.200.138:443
    at TCPConnectWrap.afterConnect [as oncomplete] (net.js:1141:16)
[error] 
[error] Error: Server Error. connect ETIMEDOUT 216.58.200.138:443
[debug] [2020-09-10T14:36:13.273Z] ----------------------------------------------------------------------
[debug] [2020-09-10T14:36:13.279Z] Command:       C:\Program Files\nodejs\node.exe C:\Users\Mystic wolf\AppData\Roaming\npm\node_modules\firebase-tools\lib\bin\firebase.js deploy
[debug] [2020-09-10T14:36:13.280Z] CLI Version:   8.6.0
[debug] [2020-09-10T14:36:13.280Z] Platform:      win32
[debug] [2020-09-10T14:36:13.280Z] Node Version:  v12.16.2
[debug] [2020-09-10T14:36:13.283Z] Time:          Thu Sep 10 2020 20:06:13 GMT+0530 (India Standard Time)
[debug] [2020-09-10T14:36:13.283Z] ----------------------------------------------------------------------
[debug] [2020-09-10T14:36:13.284Z] 
[debug] [2020-09-10T14:36:13.307Z] > command requires scopes: ["email","openid","https://www.googleapis.com/auth/cloudplatformprojects.readonly","https://www.googleapis.com/auth/firebase","https://www.googleapis.com/auth/cloud-platform"]
[debug] [2020-09-10T14:36:13.310Z] > authorizing via signed-in user
[debug] [2020-09-10T14:36:13.311Z] [iam] checking project femshopi for permissions ["firebase.projects.get","firebasehosting.sites.update"]
[debug] [2020-09-10T14:36:13.319Z] >>> HTTP REQUEST POST https://cloudresourcemanager.googleapis.com/v1/projects/femshopi:testIamPermissions  
 {"permissions":["firebase.projects.get","firebasehosting.sites.update"]}
[debug] [2020-09-10T14:36:34.412Z] [iam] error while checking permissions, command may fail: FirebaseError: Server Error. connect ETIMEDOUT 216.58.200.138:443
[debug] [2020-09-10T14:36:34.415Z] >>> HTTP REQUEST GET https://firebase.googleapis.com/v1beta1/projects/femshopi  
 
[debug] [2020-09-10T14:36:34.986Z] <<< HTTP RESPONSE 200 {"content-type":"application/json; charset=UTF-8","vary":"X-Origin, Referer, Origin,Accept-Encoding","date":"Thu, 10 Sep 2020 14:36:35 GMT","server":"ESF","cache-control":"private","x-xss-protection":"0","x-frame-options":"SAMEORIGIN","x-content-type-options":"nosniff","alt-svc":"h3-29=\":443\"; ma=2592000,h3-27=\":443\"; ma=2592000,h3-T051=\":443\"; ma=2592000,h3-T050=\":443\"; ma=2592000,h3-Q050=\":443\"; ma=2592000,h3-Q046=\":443\"; ma=2592000,h3-Q043=\":443\"; ma=2592000,quic=\":443\"; ma=2592000; v=\"46,43\"","accept-ranges":"none","transfer-encoding":"chunked"}
[info] 
[info] === Deploying to 'femshopi'...
[info] 
[info] i  deploying hosting 
[debug] [2020-09-10T14:36:35.009Z] >>> HTTP REQUEST POST https://firebasehosting.googleapis.com/v1beta1/sites/femshopi/versions  
 {"config":{"rewrites":[{"glob":"**","path":"/index.html"}]},"labels":{"deployment-tool":"cli-firebase"}}
[debug] [2020-09-10T14:36:56.358Z] Error: connect ETIMEDOUT 216.58.200.138:443
    at TCPConnectWrap.afterConnect [as oncomplete] (net.js:1141:16)
[error] 
[error] Error: Server Error. connect ETIMEDOUT 216.58.200.138:443
